<?xml version="1.0" encoding="UTF-8"?>
<beans xmlns="http://www.springframework.org/schema/beans"
       xmlns:xsi="http://www.w3.org/2001/XMLSchema-instance"
       xmlns:mvc="http://www.springframework.org/schema/mvc"
       xmlns:context="http://www.springframework.org/schema/context"
       xmlns:util="http://www.springframework.org/schema/util"
       xmlns:jee="http://www.springframework.org/schema/jee"
       xsi:schemaLocation="http://www.springframework.org/schema/mvc
                            http://www.springframework.org/schema/mvc/spring-mvc-4.0.xsd
                            http://www.springframework.org/schema/util
                            http://www.springframework.org/schema/util/spring-util-4.0.xsd
                            http://www.springframework.org/schema/beans
                            http://www.springframework.org/schema/beans/spring-beans-4.0.xsd
                            http://www.springframework.org/schema/context
                            http://www.springframework.org/schema/context/spring-context-4.0.xsd
                            http://www.springframework.org/schema/jee
                            http://www.springframework.org/schema/jee/spring-jee.xsd">
    <!-- Define route based on Annotation on the controllers -->
    <mvc:annotation-driven />

    <context:component-scan base-package="com.test"/>

    <!--<bean id="viewResolver"
          class="org.springframework.web.servlet.view.InternalResourceViewResolver" >
        <property name="prefix">
            <value>/WEB-INF/pages/</value>
        </property>
        <property name="suffix">
            <value>.jsp</value>
        </property>
    </bean>-->

    <bean id="tilesViewResolver"
          class="org.springframework.web.servlet.view.tiles3.TilesViewResolver">
    </bean>

    <bean id="tilesConfigurer"
            class="org.springframework.web.servlet.view.tiles3.TilesConfigurer">
        <property name="definitions">
            <list>
                <value>/WEB-INF/layout/default.xml</value>
            </list>
        </property>
</bean>

    <!-- resources -->
    <mvc:resources mapping="/resources/**" location="/resources/"/>

    <jee:jndi-lookup jndi-name="jdbc/spring" id="dataSource"
                     expected-type="javax.sql.DataSource"></jee:jndi-lookup>


</beans>